Apr-23 09:24:13.806 [main] DEBUG nextflow.cli.Launcher - $> nextflow run map.nf
Apr-23 09:24:13.878 [main] INFO  nextflow.cli.CmdRun - N E X T F L O W  ~  version 23.04.4
Apr-23 09:24:13.897 [main] DEBUG nextflow.plugin.PluginsFacade - Setting up plugin manager > mode=prod; embedded=false; plugins-dir=/home/gritti/.nextflow/plugins; core-plugins: nf-amazon@1.16.2,nf-azure@1.0.1,nf-codecommit@0.1.4,nf-console@1.0.5,nf-ga4gh@1.0.5,nf-google@1.7.3-patch1,nf-tower@1.5.12,nf-wave@0.8.4
Apr-23 09:24:13.906 [main] INFO  org.pf4j.DefaultPluginStatusProvider - Enabled plugins: []
Apr-23 09:24:13.907 [main] INFO  org.pf4j.DefaultPluginStatusProvider - Disabled plugins: []
Apr-23 09:24:13.910 [main] INFO  org.pf4j.DefaultPluginManager - PF4J version 3.4.1 in 'deployment' mode
Apr-23 09:24:13.919 [main] INFO  org.pf4j.AbstractPluginManager - No plugins
Apr-23 09:24:13.990 [main] DEBUG nextflow.cli.CmdRun - Applied DSL=2 by global default
Apr-23 09:24:14.006 [main] INFO  nextflow.cli.CmdRun - Launching `map.nf` [serene_swanson] DSL2 - revision: cb0f068e56
Apr-23 09:24:14.007 [main] DEBUG nextflow.plugin.PluginsFacade - Plugins default=[]
Apr-23 09:24:14.007 [main] DEBUG nextflow.plugin.PluginsFacade - Plugins resolved requirement=[]
Apr-23 09:24:14.016 [main] DEBUG nextflow.secret.LocalSecretsProvider - Secrets store: /home/gritti/.nextflow/secrets/store.json
Apr-23 09:24:14.022 [main] DEBUG nextflow.secret.SecretsLoader - Discovered secrets providers: [nextflow.secret.LocalSecretsProvider@67207d8a] - activable => nextflow.secret.LocalSecretsProvider@67207d8a
Apr-23 09:24:14.083 [main] DEBUG nextflow.Session - Session UUID: c24a2fe5-1492-4c4e-9db0-5c21ac738cbe
Apr-23 09:24:14.083 [main] DEBUG nextflow.Session - Run name: serene_swanson
Apr-23 09:24:14.084 [main] DEBUG nextflow.Session - Executor pool size: 48
Apr-23 09:24:14.094 [main] DEBUG nextflow.util.ThreadPoolBuilder - Creating thread pool 'FileTransfer' minSize=10; maxSize=144; workQueue=LinkedBlockingQueue[10000]; allowCoreThreadTimeout=false
Apr-23 09:24:14.121 [main] DEBUG nextflow.cli.CmdRun - 
  Version: 23.04.4 build 5881
  Created: 25-09-2023 15:34 UTC (17:34 CEST)
  System: Linux 5.15.0-113-generic
  Runtime: Groovy 3.0.16 on OpenJDK 64-Bit Server VM 17.0.6+10-LTS
  Encoding: UTF-8 (UTF-8)
  Process: 1809889@ba-training.embl.es [10.250.4.65]
  CPUs: 48 - Mem: 1.5 TB (780.6 GB) - Swap: 8 GB (8 GB)
Apr-23 09:24:14.147 [main] DEBUG nextflow.Session - Work-dir: /g/mif/people/gritti/code/nextflow-basics/exercises/scripts/basics/work [nfs]
Apr-23 09:24:14.147 [main] DEBUG nextflow.Session - Script base path does not exist or is not a directory: /g/mif/people/gritti/code/nextflow-basics/exercises/scripts/basics/bin
Apr-23 09:24:14.157 [main] DEBUG nextflow.executor.ExecutorFactory - Extension executors providers=[]
Apr-23 09:24:14.166 [main] DEBUG nextflow.Session - Observer factory: DefaultObserverFactory
Apr-23 09:24:14.189 [main] DEBUG nextflow.cache.CacheFactory - Using Nextflow cache factory: nextflow.cache.DefaultCacheFactory
Apr-23 09:24:14.197 [main] DEBUG nextflow.util.CustomThreadPool - Creating default thread pool > poolSize: 49; maxThreads: 1000
Apr-23 09:24:14.261 [main] DEBUG nextflow.Session - Session start
Apr-23 09:24:14.730 [main] DEBUG nextflow.script.ScriptRunner - > Launching execution
Apr-23 09:24:14.809 [main] DEBUG nextflow.Session - Workflow process names [dsl2]: 
Apr-23 09:24:14.810 [main] DEBUG nextflow.Session - Igniting dataflow network (1)
Apr-23 09:24:14.815 [main] DEBUG nextflow.script.ScriptRunner - > Awaiting termination 
Apr-23 09:24:14.815 [main] DEBUG nextflow.Session - Session await
Apr-23 09:24:14.815 [main] DEBUG nextflow.Session - Session await > all processes finished
Apr-23 09:24:14.815 [main] DEBUG nextflow.Session - Session await > all barriers passed
Apr-23 09:24:14.819 [PathVisitor-1] DEBUG nextflow.file.PathVisitor - files for syntax: glob; folder: /g/mif/people/gritti/code/nextflow-basics/exercises/scripts/basics/../../test_data/txts/; pattern: {t0001,t0002,t0003}*.txt; options: [:]
Apr-23 09:24:14.849 [main] DEBUG nextflow.trace.WorkflowStatsObserver - Workflow completed > WorkflowStats[succeededCount=0; failedCount=0; ignoredCount=0; cachedCount=0; pendingCount=0; submittedCount=0; runningCount=0; retriesCount=0; abortedCount=0; succeedDuration=0ms; failedDuration=0ms; cachedDuration=0ms;loadCpus=0; loadMemory=0; peakRunning=0; peakCpus=0; peakMemory=0; ]
Apr-23 09:24:14.880 [main] DEBUG nextflow.cache.CacheDB - Closing CacheDB done
Apr-23 09:24:14.901 [main] DEBUG nextflow.util.ThreadPoolManager - Thread pool 'FileTransfer' shutdown completed (hard=false)
Apr-23 09:24:14.902 [main] DEBUG nextflow.script.ScriptRunner - > Execution complete -- Goodbye
